Performing C SOURCE FILE Test CMAKE_HAVE_LIBC_PTHREAD failed with the following output:
Change Dir: /home/hkn_krz/formalHW5/cmake-build-debug/CMakeFiles/CMakeTmp

Run Build Command(s):/usr/bin/gmake -f Makefile cmTC_cae8a/fast && /usr/bin/gmake  -f CMakeFiles/cmTC_cae8a.dir/build.make CMakeFiles/cmTC_cae8a.dir/build
gmake[1]: вход в каталог «/home/hkn_krz/formalHW5/cmake-build-debug/CMakeFiles/CMakeTmp»
Building C object CMakeFiles/cmTC_cae8a.dir/src.c.o
/usr/bin/cc -DCMAKE_HAVE_LIBC_PTHREAD   -o CMakeFiles/cmTC_cae8a.dir/src.c.o -c /home/hkn_krz/formalHW5/cmake-build-debug/CMakeFiles/CMakeTmp/src.c
Linking C executable cmTC_cae8a
/home/hkn_krz/Program_files/CLion/clion-2020.3/bin/cmake/linux/bin/cmake -E cmake_link_script CMakeFiles/cmTC_cae8a.dir/link.txt --verbose=1
/usr/bin/cc CMakeFiles/cmTC_cae8a.dir/src.c.o -o cmTC_cae8a 
/usr/bin/ld: CMakeFiles/cmTC_cae8a.dir/src.c.o: в функции «main»:
src.c:(.text+0x46): неопределённая ссылка на «pthread_create»
/usr/bin/ld: src.c:(.text+0x52): неопределённая ссылка на «pthread_detach»
/usr/bin/ld: src.c:(.text+0x5e): неопределённая ссылка на «pthread_cancel»
/usr/bin/ld: src.c:(.text+0x6f): неопределённая ссылка на «pthread_join»
collect2: error: ld returned 1 exit status
gmake[1]: *** [CMakeFiles/cmTC_cae8a.dir/build.make:99: cmTC_cae8a] Ошибка 1
gmake[1]: выход из каталога «/home/hkn_krz/formalHW5/cmake-build-debug/CMakeFiles/CMakeTmp»
gmake: *** [Makefile:127: cmTC_cae8a/fast] Ошибка 2


Source file was:
#include <pthread.h>

static void* test_func(void* data)
{
  return data;
}

int main(void)
{
  pthread_t thread;
  pthread_create(&thread, NULL, test_func, NULL);
  pthread_detach(thread);
  pthread_cancel(thread);
  pthread_join(thread, NULL);
  pthread_atfork(NULL, NULL, NULL);
  pthread_exit(NULL);

  return 0;
}

Determining if the function pthread_create exists in the pthreads failed with the following output:
Change Dir: /home/hkn_krz/formalHW5/cmake-build-debug/CMakeFiles/CMakeTmp

Run Build Command(s):/usr/bin/gmake -f Makefile cmTC_d658e/fast && /usr/bin/gmake  -f CMakeFiles/cmTC_d658e.dir/build.make CMakeFiles/cmTC_d658e.dir/build
gmake[1]: вход в каталог «/home/hkn_krz/formalHW5/cmake-build-debug/CMakeFiles/CMakeTmp»
Building C object CMakeFiles/cmTC_d658e.dir/CheckFunctionExists.c.o
/usr/bin/cc   -DCHECK_FUNCTION_EXISTS=pthread_create -o CMakeFiles/cmTC_d658e.dir/CheckFunctionExists.c.o -c /home/hkn_krz/Program_files/CLion/clion-2020.3/bin/cmake/linux/share/cmake-3.20/Modules/CheckFunctionExists.c
Linking C executable cmTC_d658e
/home/hkn_krz/Program_files/CLion/clion-2020.3/bin/cmake/linux/bin/cmake -E cmake_link_script CMakeFiles/cmTC_d658e.dir/link.txt --verbose=1
/usr/bin/cc  -DCHECK_FUNCTION_EXISTS=pthread_create CMakeFiles/cmTC_d658e.dir/CheckFunctionExists.c.o -o cmTC_d658e  -lpthreads 
/usr/bin/ld: невозможно найти -lpthreads
collect2: error: ld returned 1 exit status
gmake[1]: *** [CMakeFiles/cmTC_d658e.dir/build.make:99: cmTC_d658e] Ошибка 1
gmake[1]: выход из каталога «/home/hkn_krz/formalHW5/cmake-build-debug/CMakeFiles/CMakeTmp»
gmake: *** [Makefile:127: cmTC_d658e/fast] Ошибка 2



