The C compiler identification could not be found in "/home/hkn_krz/formalHW5/cmake-build-debug-coverage/CMakeFiles/3.20.2/CompilerIdC/CMakeCCompilerId.gcno"

The CXX compiler identification could not be found in "/home/hkn_krz/formalHW5/cmake-build-debug-coverage/CMakeFiles/3.20.2/CompilerIdCXX/CMakeCXXCompilerId.gcno"

Performing C SOURCE FILE Test CMAKE_HAVE_LIBC_PTHREAD failed with the following output:
Change Dir: /home/hkn_krz/formalHW5/cmake-build-debug-coverage/CMakeFiles/CMakeTmp

Run Build Command(s):/usr/bin/gmake -f Makefile cmTC_3da1c/fast && /usr/bin/gmake  -f CMakeFiles/cmTC_3da1c.dir/build.make CMakeFiles/cmTC_3da1c.dir/build
gmake[1]: вход в каталог «/home/hkn_krz/formalHW5/cmake-build-debug-coverage/CMakeFiles/CMakeTmp»
Building C object CMakeFiles/cmTC_3da1c.dir/src.c.o
/usr/bin/cc -DCMAKE_HAVE_LIBC_PTHREAD  --coverage  -o CMakeFiles/cmTC_3da1c.dir/src.c.o -c /home/hkn_krz/formalHW5/cmake-build-debug-coverage/CMakeFiles/CMakeTmp/src.c
Linking C executable cmTC_3da1c
/home/hkn_krz/Program_files/CLion/clion-2020.3/bin/cmake/linux/bin/cmake -E cmake_link_script CMakeFiles/cmTC_3da1c.dir/link.txt --verbose=1
/usr/bin/cc --coverage  CMakeFiles/cmTC_3da1c.dir/src.c.o -o cmTC_3da1c 
/usr/bin/ld: CMakeFiles/cmTC_3da1c.dir/src.c.o: в функции «main»:
src.c:(.text+0x6a): неопределённая ссылка на «pthread_create»
/usr/bin/ld: src.c:(.text+0x88): неопределённая ссылка на «pthread_detach»
/usr/bin/ld: src.c:(.text+0xa6): неопределённая ссылка на «pthread_cancel»
/usr/bin/ld: src.c:(.text+0xc9): неопределённая ссылка на «pthread_join»
collect2: error: ld returned 1 exit status
gmake[1]: *** [CMakeFiles/cmTC_3da1c.dir/build.make:99: cmTC_3da1c] Ошибка 1
gmake[1]: выход из каталога «/home/hkn_krz/formalHW5/cmake-build-debug-coverage/CMakeFiles/CMakeTmp»
gmake: *** [Makefile:127: cmTC_3da1c/fast] Ошибка 2


Source file was:
#include <pthread.h>

static void* test_func(void* data)
{
  return data;
}

int main(void)
{
  pthread_t thread;
  pthread_create(&thread, NULL, test_func, NULL);
  pthread_detach(thread);
  pthread_cancel(thread);
  pthread_join(thread, NULL);
  pthread_atfork(NULL, NULL, NULL);
  pthread_exit(NULL);

  return 0;
}

Determining if the function pthread_create exists in the pthreads failed with the following output:
Change Dir: /home/hkn_krz/formalHW5/cmake-build-debug-coverage/CMakeFiles/CMakeTmp

Run Build Command(s):/usr/bin/gmake -f Makefile cmTC_f78b8/fast && /usr/bin/gmake  -f CMakeFiles/cmTC_f78b8.dir/build.make CMakeFiles/cmTC_f78b8.dir/build
gmake[1]: вход в каталог «/home/hkn_krz/formalHW5/cmake-build-debug-coverage/CMakeFiles/CMakeTmp»
Building C object CMakeFiles/cmTC_f78b8.dir/CheckFunctionExists.c.o
/usr/bin/cc   --coverage -DCHECK_FUNCTION_EXISTS=pthread_create -o CMakeFiles/cmTC_f78b8.dir/CheckFunctionExists.c.o -c /home/hkn_krz/Program_files/CLion/clion-2020.3/bin/cmake/linux/share/cmake-3.20/Modules/CheckFunctionExists.c
Linking C executable cmTC_f78b8
/home/hkn_krz/Program_files/CLion/clion-2020.3/bin/cmake/linux/bin/cmake -E cmake_link_script CMakeFiles/cmTC_f78b8.dir/link.txt --verbose=1
/usr/bin/cc --coverage -DCHECK_FUNCTION_EXISTS=pthread_create CMakeFiles/cmTC_f78b8.dir/CheckFunctionExists.c.o -o cmTC_f78b8  -lpthreads 
/usr/bin/ld: невозможно найти -lpthreads
collect2: error: ld returned 1 exit status
gmake[1]: *** [CMakeFiles/cmTC_f78b8.dir/build.make:99: cmTC_f78b8] Ошибка 1
gmake[1]: выход из каталога «/home/hkn_krz/formalHW5/cmake-build-debug-coverage/CMakeFiles/CMakeTmp»
gmake: *** [Makefile:127: cmTC_f78b8/fast] Ошибка 2



